UPDATED July 6th, 2014
Additions
-Added control buttons 'Left', 'Right','Drop','Rotate':
	'Left' and 'Right' buttons move piece left and right; 
	'Drop' drops piece;
	'Rotate' fills bottom row (testing purposes).

Changes
-Bottom row will be cleared when it is filled

UPDATE July 8th, 2014
Note: Refactored the source code.

Additions
-Added source files:
 -GridManager.java
 -TetrisPieceController.java
 -TetrisPieceGenerator.java
 -TetrisGame.java
 -Actions.java

Changes
-Updated
 -TetrisRules.java 
 -MainActivity.java

UPDATE July 15th, 2014
Note: Redesigned and refactored some of the source code. 

Additions
-Added source files:
 -TetrisBlock.java
 -TetrisPiece.java
 -TetrisPieceName.java

Changes
-Updated
 -MainActivity.java
 -Grid.java
 -GridManager.java
 -TetrisGame.java
 -TetrisPieceController.java
 -TetrisPieceGenerators.java

UPDATE July 16th, 2014
Note: Game can now support multiple classic Tetris pieces.

Changes
-Updated
 -Block.java
 -Grid.java
 -GridManager.java
 -TetrisGame.java
 -TetrisPiece.java
 -TetrisPieceController.java
 -TetrisPieceGenerator.java
 -TetrisRules.java
 -TetrisPieceName.java

UPDATE July 24th, 2014
Note: Tetris pieces can now rotate.

Possible Bugs need to fixed:
  - Tetris pieces can rotate, but not correctly
  - Rotating a Tetris piece near grid boundaries may cause it to clip the boundaries

Changes
-Updated
  -src/com/androidgame/controller/MainActivity.java
  -src/com/androidgame/model/GridManager.java
  -src/com/androidgame/model/TetrisGame.java
  -src/com/androidgame/model/TetrisPiece.java
  -src/com/androidgame/model/TetrisPieceController.java
  -src/com/androidgame/model/TetrisPieceGenerator.java 

 
